warn: The X86DemoBoard is solely for demonstration purposes. This board is not known to be be representative of any real-world system. Use with caution.
src/mem/dram_interface.cc:690: warn: DRAM device capacity (8192 Mbytes) does not match the address range assigned (2048 Mbytes)
src/sim/kernel_workload.cc:46: info: kernel located at: /home/carlos/.cache/gem5/x86-linux-kernel-5.4.49
src/base/statistics.hh:279: warn: One of the stats is a legacy stat. Legacy stat is a stat that does not belong to any statistics::Group. Legacy stat is deprecated.
board.pc.com_1.device: Listening for connections on port 3456
src/base/statistics.hh:279: warn: One of the stats is a legacy stat. Legacy stat is a stat that does not belong to any statistics::Group. Legacy stat is deprecated.
src/dev/intel_8254_timer.cc:128: warn: Reading current count from inactive timer.
board.remote_gdb: Listening for connections on port 7000
src/sim/simulate.cc:194: info: Entering event queue @ 0.  Starting simulation...
src/mem/ruby/system/Sequencer.cc:606: warn: Replacement policy updates recently became the responsibility of SLICC state machines. Make sure to setMRU() near callbacks in .sm files!
src/arch/x86/cpuid.cc:180: warn: x86 cpuid family 0x0000: unimplemented function 6
src/arch/x86/cpuid.cc:180: warn: x86 cpuid family 0x0000: unimplemented function 6
src/arch/x86/cpuid.cc:180: warn: x86 cpuid family 0x0000: unimplemented function 6
build/X86/arch/x86/generated/exec-ns.cc.inc:27: warn: instruction 'fninit' unimplemented
src/dev/x86/pc.cc:117: warn: Don't know what interrupt to clear for console.
build/X86/arch/x86/generated/exec-ns.cc.inc:27: warn: instruction 'sgdt_Ms' unimplemented
src/arch/x86/cpuid.cc:180: warn: x86 cpuid family 0x0000: unimplemented function 6
src/arch/x86/cpuid.cc:180: warn: x86 cpuid family 0x0000: unimplemented function 6
src/arch/x86/cpuid.cc:180: warn: x86 cpuid family 0x0000: unimplemented function 6
src/arch/x86/cpuid.cc:153: warn: x86 cpuid family 0x8000: unimplemented function 29
src/sim/power_state.cc:105: warn: PowerState: Already in the requested power state, request ignored
build/X86/arch/x86/generated/exec-ns.cc.inc:27: warn: instruction 'wbinvd' unimplemented
src/arch/x86/cpuid.cc:180: warn: x86 cpuid family 0x0000: unimplemented function 6
src/arch/x86/cpuid.cc:180: warn: x86 cpuid family 0x0000: unimplemented function 6
src/arch/x86/cpuid.cc:180: warn: x86 cpuid family 0x0000: unimplemented function 6
src/arch/x86/cpuid.cc:153: warn: x86 cpuid family 0x8000: unimplemented function 29
src/arch/x86/interrupts.cc:530: hack: Assuming logical destinations are 1 << id.
src/arch/x86/cpuid.cc:180: warn: x86 cpuid family 0x0000: unimplemented function 6
src/arch/x86/cpuid.cc:180: warn: x86 cpuid family 0x0000: unimplemented function 6
src/arch/x86/cpuid.cc:180: warn: x86 cpuid family 0x0000: unimplemented function 6
src/arch/x86/cpuid.cc:153: warn: x86 cpuid family 0x8000: unimplemented function 29
src/arch/x86/cpuid.cc:180: warn: x86 cpuid family 0x0000: unimplemented function 6
src/arch/x86/cpuid.cc:180: warn: x86 cpuid family 0x0000: unimplemented function 6
src/arch/x86/cpuid.cc:180: warn: x86 cpuid family 0x0000: unimplemented function 6
src/arch/x86/cpuid.cc:153: warn: x86 cpuid family 0x8000: unimplemented function 29
build/X86/arch/x86/generated/exec-ns.cc.inc:27: warn: instruction 'fwait' unimplemented
src/arch/x86/cpuid.cc:185: warn: x86 cpuid: unknown family 0x4000
src/dev/x86/i8042.cc:290: warn: Write to unknown i8042 (keyboard controller) command port.
src/arch/generic/debugfaults.hh:145: warn: MOVNTDQ: Ignoring non-temporal hint, modeling as cacheable!
src/arch/x86/cpuid.cc:180: warn: x86 cpuid family 0x0000: unimplemented function 4
src/arch/x86/cpuid.cc:180: warn: x86 cpuid family 0x0000: unimplemented function 4
